<?xml version="1.0" encoding="UTF-8"?>
<!-- Generated by org.testng.reporters.JUnitReportReporter -->
<testsuite hostname="Vipuls-MacBook-Air.local" failures="0" tests="1" name="testrunners.HomePageTest" time="37.563" errors="0" timestamp="2023-04-17T11:18:25 IST" skipped="0">
  <testcase classname="testrunners.HomePageTest" name="runScenario" time="37.563"/>
  <system-out/>
</testsuite> <!-- testrunners.HomePageTest -->
