<?xml version="1.0" encoding="UTF-8"?>
<!-- Generated by org.testng.reporters.JUnitReportReporter -->
<testsuite hostname="Vipuls-MacBook-Air.local" failures="0" tests="9" name="testrunners.SmokeTest" time="169.661" errors="0" timestamp="2023-04-17T11:18:25 IST" skipped="0">
  <testcase classname="testrunners.SmokeTest" name="runScenario" time="3.709"/>
  <system-out/>
  <testcase classname="testrunners.SmokeTest" name="runScenario" time="36.703"/>
  <system-out/>
  <testcase classname="testrunners.SmokeTest" name="runScenario" time="3.782"/>
  <system-out/>
  <testcase classname="testrunners.SmokeTest" name="runScenario" time="3.785"/>
  <system-out/>
  <testcase classname="testrunners.SmokeTest" name="runScenario" time="3.918"/>
  <system-out/>
  <testcase classname="testrunners.SmokeTest" name="runScenario" time="41.253"/>
  <system-out/>
  <testcase classname="testrunners.SmokeTest" name="runScenario" time="37.665"/>
  <system-out/>
  <testcase classname="testrunners.SmokeTest" name="runScenario" time="35.125"/>
  <system-out/>
  <testcase classname="testrunners.SmokeTest" name="runScenario" time="3.721"/>
  <system-out/>
</testsuite> <!-- testrunners.SmokeTest -->
